1551974487857	mozrunner::runner	INFO	Running command: "/usr/bin/firefox" "-marionette" "-foreground" "-no-remote" "-profile" "/tmp/rust_mozprofile.tAd1L2NEQMC3"
1551974488911	addons.webextension.screenshots@mozilla.org	WARN	Loading extension 'screenshots@mozilla.org': Reading manifest: Invalid host permission: resource://pdf.js/
1551974488911	addons.webextension.screenshots@mozilla.org	WARN	Loading extension 'screenshots@mozilla.org': Reading manifest: Invalid host permission: about:reader*

(firefox:14862): Gtk-WARNING **: 16:01:29.434: Theme parsing error: <data>:1:34: Expected ')' in color definition

(firefox:14862): Gtk-WARNING **: 16:01:29.434: Theme parsing error: <data>:1:76: Expected ')' in color definition
1551974496178	Marionette	INFO	Listening on port 36941
1551974496336	Marionette	WARN	TLS certificate errors will be ignored for this session
1551974718811	mozrunner::runner	INFO	Running command: "/usr/bin/firefox" "-marionette" "-foreground" "-no-remote" "-profile" "/tmp/rust_mozprofile.mgOFrwtv2A2k"
1551974719099	addons.webextension.screenshots@mozilla.org	WARN	Loading extension 'screenshots@mozilla.org': Reading manifest: Invalid host permission: resource://pdf.js/
1551974719099	addons.webextension.screenshots@mozilla.org	WARN	Loading extension 'screenshots@mozilla.org': Reading manifest: Invalid host permission: about:reader*

(firefox:15290): Gtk-WARNING **: 16:05:19.697: Theme parsing error: <data>:1:34: Expected ')' in color definition

(firefox:15290): Gtk-WARNING **: 16:05:19.697: Theme parsing error: <data>:1:76: Expected ')' in color definition
1551974721633	Marionette	INFO	Listening on port 44549
1551974721720	Marionette	WARN	TLS certificate errors will be ignored for this session
1551974835245	mozrunner::runner	INFO	Running command: "/usr/bin/firefox" "-marionette" "-foreground" "-no-remote" "-profile" "/tmp/rust_mozprofile.0WbNSYlWIuce"
1551974835535	addons.webextension.screenshots@mozilla.org	WARN	Loading extension 'screenshots@mozilla.org': Reading manifest: Invalid host permission: resource://pdf.js/
1551974835535	addons.webextension.screenshots@mozilla.org	WARN	Loading extension 'screenshots@mozilla.org': Reading manifest: Invalid host permission: about:reader*

(firefox:15719): Gtk-WARNING **: 16:07:15.961: Theme parsing error: <data>:1:34: Expected ')' in color definition

(firefox:15719): Gtk-WARNING **: 16:07:15.961: Theme parsing error: <data>:1:76: Expected ')' in color definition
1551974837872	Marionette	INFO	Listening on port 33305
1551974837966	Marionette	WARN	TLS certificate errors will be ignored for this session
